<?xml version="1.0" encoding="UTF-8"?>
<!-- Generated by org.testng.reporters.JUnitXMLReporter -->
<testsuite hostname="My-PC" ignored="0" name="Test" tests="1" failures="1" timestamp="2020-07-02T20:00:08 IST" time="82.763" errors="0">
  <testcase name="test" time="55.177" classname="com.flipkart.testcases.TC2">
    <failure type="org.openqa.selenium.NoSuchElementException" message="An element could not be located on the page using the given search parameters.
For documentation on this error, please visit: https://www.seleniumhq.org/exceptions/no_such_element.html
Build info: version: &amp;apos;3.141.59&amp;apos;, revision: &amp;apos;e82be7d358&amp;apos;, time: &amp;apos;2018-11-14T08:17:03&amp;apos;
System info: host: &amp;apos;MY-PC&amp;apos;, ip: &amp;apos;192.168.43.4&amp;apos;, os.name: &amp;apos;Windows 7&amp;apos;, os.arch: &amp;apos;x86&amp;apos;, os.version: &amp;apos;6.1&amp;apos;, java.version: &amp;apos;1.8.0_251&amp;apos;
Driver info: io.appium.java_client.android.AndroidDriver
Capabilities {adbExecTimeout: 50000, appActivity: com.flipkart.android.Splash..., appPackage: com.flipkart.android, autoAcceptAlerts: true, autoGrantPermissions: true, automationName: UiAutomator2, databaseEnabled: false, desired: {adbExecTimeout: 50000, appActivity: com.flipkart.android.Splash..., appPackage: com.flipkart.android, autoAcceptAlerts: true, autoGrantPermissions: true, automationName: UiAutomator2, deviceName: Redmi Note 4, fullReset: false, gpsEnabled: true, newCommandTimeout: 1200, noReset: true, platformName: android, udid: 8adbaafb0803, uiautomator2ServerInstallTimeout: 50000, version: 7.0}, deviceApiLevel: 24, deviceManufacturer: Xiaomi, deviceModel: Redmi Note 4, deviceName: 8adbaafb0803, deviceScreenDensity: 480, deviceScreenSize: 1080x1920, deviceUDID: 8adbaafb0803, fullReset: false, gpsEnabled: true, javascriptEnabled: true, locationContextEnabled: false, networkConnectionEnabled: true, newCommandTimeout: 1200, noReset: true, pixelRatio: 3, platform: LINUX, platformName: Android, platformVersion: 7.0, statBarHeight: 72, takesScreenshot: true, udid: 8adbaafb0803, uiautomator2ServerInstallTimeout: 50000, version: 7.0, viewportRect: {height: 1848, left: 0, top: 72, width: 1080}, warnings: {}, webStorageEnabled: false}
Session ID: 05a4a78a-f71e-404c-a6a4-639bfb7a1669
*** Element info: {Using=id, value=cross_icon}">
      <![CDATA[org.openqa.selenium.NoSuchElementException: An element could not be located on the page using the given search parameters.
For documentation on this error, please visit: https://www.seleniumhq.org/exceptions/no_such_element.html
Build info: version: '3.141.59', revision: 'e82be7d358', time: '2018-11-14T08:17:03'
System info: host: 'MY-PC', ip: '192.168.43.4', os.name: 'Windows 7', os.arch: 'x86', os.version: '6.1', java.version: '1.8.0_251'
Driver info: io.appium.java_client.android.AndroidDriver
Capabilities {adbExecTimeout: 50000, appActivity: com.flipkart.android.Splash..., appPackage: com.flipkart.android, autoAcceptAlerts: true, autoGrantPermissions: true, automationName: UiAutomator2, databaseEnabled: false, desired: {adbExecTimeout: 50000, appActivity: com.flipkart.android.Splash..., appPackage: com.flipkart.android, autoAcceptAlerts: true, autoGrantPermissions: true, automationName: UiAutomator2, deviceName: Redmi Note 4, fullReset: false, gpsEnabled: true, newCommandTimeout: 1200, noReset: true, platformName: android, udid: 8adbaafb0803, uiautomator2ServerInstallTimeout: 50000, version: 7.0}, deviceApiLevel: 24, deviceManufacturer: Xiaomi, deviceModel: Redmi Note 4, deviceName: 8adbaafb0803, deviceScreenDensity: 480, deviceScreenSize: 1080x1920, deviceUDID: 8adbaafb0803, fullReset: false, gpsEnabled: true, javascriptEnabled: true, locationContextEnabled: false, networkConnectionEnabled: true, newCommandTimeout: 1200, noReset: true, pixelRatio: 3, platform: LINUX, platformName: Android, platformVersion: 7.0, statBarHeight: 72, takesScreenshot: true, udid: 8adbaafb0803, uiautomator2ServerInstallTimeout: 50000, version: 7.0, viewportRect: {height: 1848, left: 0, top: 72, width: 1080}, warnings: {}, webStorageEnabled: false}
Session ID: 05a4a78a-f71e-404c-a6a4-639bfb7a1669
*** Element info: {Using=id, value=cross_icon}
at org.openqa.selenium.remote.http.W3CHttpResponseCodec.createException(W3CHttpResponseCodec.java:187)
at org.openqa.selenium.remote.http.W3CHttpResponseCodec.decode(W3CHttpResponseCodec.java:122)
at org.openqa.selenium.remote.http.W3CHttpResponseCodec.decode(W3CHttpResponseCodec.java:49)
at org.openqa.selenium.remote.HttpCommandExecutor.execute(HttpCommandExecutor.java:158)
at io.appium.java_client.remote.AppiumCommandExecutor.execute(AppiumCommandExecutor.java:239)
at org.openqa.selenium.remote.RemoteWebDriver.execute(RemoteWebDriver.java:552)
at io.appium.java_client.DefaultGenericMobileDriver.execute(DefaultGenericMobileDriver.java:42)
at io.appium.java_client.AppiumDriver.execute(AppiumDriver.java:1)
at io.appium.java_client.android.AndroidDriver.execute(AndroidDriver.java:1)
at org.openqa.selenium.remote.RemoteWebDriver.findElement(RemoteWebDriver.java:323)
at io.appium.java_client.DefaultGenericMobileDriver.findElement(DefaultGenericMobileDriver.java:62)
at io.appium.java_client.AppiumDriver.findElement(AppiumDriver.java:1)
at io.appium.java_client.android.AndroidDriver.findElement(AndroidDriver.java:1)
at org.openqa.selenium.remote.RemoteWebDriver.findElementById(RemoteWebDriver.java:372)
at io.appium.java_client.DefaultGenericMobileDriver.findElementById(DefaultGenericMobileDriver.java:70)
at io.appium.java_client.AppiumDriver.findElementById(AppiumDriver.java:1)
at io.appium.java_client.android.AndroidDriver.findElementById(AndroidDriver.java:1)
at org.openqa.selenium.By$ById.findElement(By.java:188)
at org.openqa.selenium.remote.RemoteWebDriver.findElement(RemoteWebDriver.java:315)
at io.appium.java_client.DefaultGenericMobileDriver.findElement(DefaultGenericMobileDriver.java:58)
at io.appium.java_client.AppiumDriver.findElement(AppiumDriver.java:1)
at io.appium.java_client.android.AndroidDriver.findElement(AndroidDriver.java:1)
at org.openqa.selenium.support.pagefactory.DefaultElementLocator.findElement(DefaultElementLocator.java:69)
at org.openqa.selenium.support.pagefactory.internal.LocatingElementHandler.invoke(LocatingElementHandler.java:38)
at com.sun.proxy.$Proxy11.isDisplayed(Unknown Source)
at com.flipkart.library.MobileActionUtil.isElementDisplayed(MobileActionUtil.java:35)
at com.flipkart.pages.ProductPage.clickOnCloseSuggestionBox(ProductPage.java:94)
at com.flipkart.testcases.TC2.test(TC2.java:34)
at java.util.ArrayList.forEach(Unknown Source)
... Removed 31 stack frames]]>
    </failure>
  </testcase> <!-- test -->
</testsuite> <!-- Test -->
