<?xml version="1.0" encoding="UTF-8"?>
<testng-results skipped="0" failed="1" ignored="0" total="1" passed="0">
  <reporter-output>
    <line>
      <![CDATA[Running Scripts in  Device]]>
    </line>
    <line>
      <![CDATA[Clicking on the Element : SearchBox]]>
    </line>
    <line>
      <![CDATA[Entering the mobile Text to the EnterTextSerachBox]]>
    </line>
    <line>
      <![CDATA[Clicking on the Element : suggestionOptionText]]>
    </line>
    <line>
      <![CDATA[Clicking on the Element : filterBtn]]>
    </line>
    <line>
      <![CDATA[Clicking on the Element : brandBtn]]>
    </line>
    <line>
      <![CDATA[Keyboard is already displayed]]>
    </line>
    <line>
      <![CDATA[Hiding the Keyboard]]>
    </line>
    <line>
      <![CDATA[Clicking on the Element : doneBtn]]>
    </line>
    <line>
      <![CDATA[Clicking on the Element : applyBtn]]>
    </line>
    <line>
      <![CDATA[Clicking on the Element : sortBtn]]>
    </line>
    <line>
      <![CDATA[Clicking on the Element : lowToHighBtn]]>
    </line>
    <line>
      <![CDATA[Clicking on the Element : firstProduct]]>
    </line>
    <line>
      <![CDATA[Clicking on the Element : addtoCartBtn]]>
    </line>
  </reporter-output>
  <suite name="Suite" duration-ms="82763" started-at="2020-07-02T19:58:45 IST" finished-at="2020-07-02T20:00:08 IST">
    <groups>
    </groups>
    <test name="Test" duration-ms="82763" started-at="2020-07-02T19:58:45 IST" finished-at="2020-07-02T20:00:08 IST">
      <class name="com.flipkart.testcases.TC2">
        <test-method status="PASS" signature="beforeConfig(java.lang.String, java.lang.String, java.lang.String, java.lang.String, java.lang.String, java.lang.String, java.lang.String, java.lang.String, java.lang.String)[pri:0, instance:com.flipkart.testcases.TC2@1088d51]" name="beforeConfig" is-config="true" duration-ms="26662" started-at="2020-07-02T19:58:45 IST" finished-at="2020-07-02T19:59:12 IST">
          <params>
            <param index="0">
              <value>
                <![CDATA[Redmi Note 4]]>
              </value>
            </param>
            <param index="1">
              <value>
                <![CDATA[android]]>
              </value>
            </param>
            <param index="2">
              <value>
                <![CDATA[7.0]]>
              </value>
            </param>
            <param index="3">
              <value>
                <![CDATA[UiAutomator2]]>
              </value>
            </param>
            <param index="4">
              <value>
                <![CDATA[com.flipkart.android]]>
              </value>
            </param>
            <param index="5">
              <value>
                <![CDATA[com.flipkart.android.SplashActivity]]>
              </value>
            </param>
            <param index="6">
              <value>
                <![CDATA[4723]]>
              </value>
            </param>
            <param index="7">
              <value>
                <![CDATA[8adbaafb0803]]>
              </value>
            </param>
            <param index="8">
              <value>
                <![CDATA[localhost]]>
              </value>
            </param>
          </params>
          <reporter-output>
            <line>
              <![CDATA[Running Scripts in  Device]]>
            </line>
          </reporter-output>
        </test-method> <!-- beforeConfig -->
        <test-method status="FAIL" signature="test()[pri:0, instance:com.flipkart.testcases.TC2@1088d51]" name="test" duration-ms="55177" started-at="2020-07-02T19:59:12 IST" finished-at="2020-07-02T20:00:07 IST">
          <exception class="org.openqa.selenium.NoSuchElementException">
            <message>
              <![CDATA[An element could not be located on the page using the given search parameters.
For documentation on this error, please visit: https://www.seleniumhq.org/exceptions/no_such_element.html
Build info: version: '3.141.59', revision: 'e82be7d358', time: '2018-11-14T08:17:03'
System info: host: 'MY-PC', ip: '192.168.43.4', os.name: 'Windows 7', os.arch: 'x86', os.version: '6.1', java.version: '1.8.0_251'
Driver info: io.appium.java_client.android.AndroidDriver
Capabilities {adbExecTimeout: 50000, appActivity: com.flipkart.android.Splash..., appPackage: com.flipkart.android, autoAcceptAlerts: true, autoGrantPermissions: true, automationName: UiAutomator2, databaseEnabled: false, desired: {adbExecTimeout: 50000, appActivity: com.flipkart.android.Splash..., appPackage: com.flipkart.android, autoAcceptAlerts: true, autoGrantPermissions: true, automationName: UiAutomator2, deviceName: Redmi Note 4, fullReset: false, gpsEnabled: true, newCommandTimeout: 1200, noReset: true, platformName: android, udid: 8adbaafb0803, uiautomator2ServerInstallTimeout: 50000, version: 7.0}, deviceApiLevel: 24, deviceManufacturer: Xiaomi, deviceModel: Redmi Note 4, deviceName: 8adbaafb0803, deviceScreenDensity: 480, deviceScreenSize: 1080x1920, deviceUDID: 8adbaafb0803, fullReset: false, gpsEnabled: true, javascriptEnabled: true, locationContextEnabled: false, networkConnectionEnabled: true, newCommandTimeout: 1200, noReset: true, pixelRatio: 3, platform: LINUX, platformName: Android, platformVersion: 7.0, statBarHeight: 72, takesScreenshot: true, udid: 8adbaafb0803, uiautomator2ServerInstallTimeout: 50000, version: 7.0, viewportRect: {height: 1848, left: 0, top: 72, width: 1080}, warnings: {}, webStorageEnabled: false}
Session ID: 05a4a78a-f71e-404c-a6a4-639bfb7a1669
*** Element info: {Using=id, value=cross_icon}]]>
            </message>
            <full-stacktrace>
              <![CDATA[org.openqa.selenium.NoSuchElementException: An element could not be located on the page using the given search parameters.
For documentation on this error, please visit: https://www.seleniumhq.org/exceptions/no_such_element.html
Build info: version: '3.141.59', revision: 'e82be7d358', time: '2018-11-14T08:17:03'
System info: host: 'MY-PC', ip: '192.168.43.4', os.name: 'Windows 7', os.arch: 'x86', os.version: '6.1', java.version: '1.8.0_251'
Driver info: io.appium.java_client.android.AndroidDriver
Capabilities {adbExecTimeout: 50000, appActivity: com.flipkart.android.Splash..., appPackage: com.flipkart.android, autoAcceptAlerts: true, autoGrantPermissions: true, automationName: UiAutomator2, databaseEnabled: false, desired: {adbExecTimeout: 50000, appActivity: com.flipkart.android.Splash..., appPackage: com.flipkart.android, autoAcceptAlerts: true, autoGrantPermissions: true, automationName: UiAutomator2, deviceName: Redmi Note 4, fullReset: false, gpsEnabled: true, newCommandTimeout: 1200, noReset: true, platformName: android, udid: 8adbaafb0803, uiautomator2ServerInstallTimeout: 50000, version: 7.0}, deviceApiLevel: 24, deviceManufacturer: Xiaomi, deviceModel: Redmi Note 4, deviceName: 8adbaafb0803, deviceScreenDensity: 480, deviceScreenSize: 1080x1920, deviceUDID: 8adbaafb0803, fullReset: false, gpsEnabled: true, javascriptEnabled: true, locationContextEnabled: false, networkConnectionEnabled: true, newCommandTimeout: 1200, noReset: true, pixelRatio: 3, platform: LINUX, platformName: Android, platformVersion: 7.0, statBarHeight: 72, takesScreenshot: true, udid: 8adbaafb0803, uiautomator2ServerInstallTimeout: 50000, version: 7.0, viewportRect: {height: 1848, left: 0, top: 72, width: 1080}, warnings: {}, webStorageEnabled: false}
Session ID: 05a4a78a-f71e-404c-a6a4-639bfb7a1669
*** Element info: {Using=id, value=cross_icon}
at sun.reflect.NativeConstructorAccessorImpl.newInstance0(Native Method)
at sun.reflect.NativeConstructorAccessorImpl.newInstance(Unknown Source)
at sun.reflect.DelegatingConstructorAccessorImpl.newInstance(Unknown Source)
at java.lang.reflect.Constructor.newInstance(Unknown Source)
at org.openqa.selenium.remote.http.W3CHttpResponseCodec.createException(W3CHttpResponseCodec.java:187)
at org.openqa.selenium.remote.http.W3CHttpResponseCodec.decode(W3CHttpResponseCodec.java:122)
at org.openqa.selenium.remote.http.W3CHttpResponseCodec.decode(W3CHttpResponseCodec.java:49)
at org.openqa.selenium.remote.HttpCommandExecutor.execute(HttpCommandExecutor.java:158)
at io.appium.java_client.remote.AppiumCommandExecutor.execute(AppiumCommandExecutor.java:239)
at org.openqa.selenium.remote.RemoteWebDriver.execute(RemoteWebDriver.java:552)
at io.appium.java_client.DefaultGenericMobileDriver.execute(DefaultGenericMobileDriver.java:42)
at io.appium.java_client.AppiumDriver.execute(AppiumDriver.java:1)
at io.appium.java_client.android.AndroidDriver.execute(AndroidDriver.java:1)
at org.openqa.selenium.remote.RemoteWebDriver.findElement(RemoteWebDriver.java:323)
at io.appium.java_client.DefaultGenericMobileDriver.findElement(DefaultGenericMobileDriver.java:62)
at io.appium.java_client.AppiumDriver.findElement(AppiumDriver.java:1)
at io.appium.java_client.android.AndroidDriver.findElement(AndroidDriver.java:1)
at org.openqa.selenium.remote.RemoteWebDriver.findElementById(RemoteWebDriver.java:372)
at io.appium.java_client.DefaultGenericMobileDriver.findElementById(DefaultGenericMobileDriver.java:70)
at io.appium.java_client.AppiumDriver.findElementById(AppiumDriver.java:1)
at io.appium.java_client.android.AndroidDriver.findElementById(AndroidDriver.java:1)
at org.openqa.selenium.By$ById.findElement(By.java:188)
at org.openqa.selenium.remote.RemoteWebDriver.findElement(RemoteWebDriver.java:315)
at io.appium.java_client.DefaultGenericMobileDriver.findElement(DefaultGenericMobileDriver.java:58)
at io.appium.java_client.AppiumDriver.findElement(AppiumDriver.java:1)
at io.appium.java_client.android.AndroidDriver.findElement(AndroidDriver.java:1)
at org.openqa.selenium.support.pagefactory.DefaultElementLocator.findElement(DefaultElementLocator.java:69)
at org.openqa.selenium.support.pagefactory.internal.LocatingElementHandler.invoke(LocatingElementHandler.java:38)
at com.sun.proxy.$Proxy11.isDisplayed(Unknown Source)
at com.flipkart.library.MobileActionUtil.isElementDisplayed(MobileActionUtil.java:35)
at com.flipkart.pages.ProductPage.clickOnCloseSuggestionBox(ProductPage.java:94)
at com.flipkart.testcases.TC2.test(TC2.java:34)
at sun.reflect.NativeMethodAccessorImpl.invoke0(Native Method)
at sun.reflect.NativeMethodAccessorImpl.invoke(Unknown Source)
at sun.reflect.DelegatingMethodAccessorImpl.invoke(Unknown Source)
at java.lang.reflect.Method.invoke(Unknown Source)
at org.testng.internal.MethodInvocationHelper.invokeMethod(MethodInvocationHelper.java:135)
at org.testng.internal.TestInvoker.invokeMethod(TestInvoker.java:598)
at org.testng.internal.TestInvoker.invokeTestMethod(TestInvoker.java:174)
at org.testng.internal.MethodRunner.runInSequence(MethodRunner.java:46)
at org.testng.internal.TestInvoker$MethodInvocationAgent.invoke(TestInvoker.java:821)
at org.testng.internal.TestInvoker.invokeTestMethods(TestInvoker.java:147)
at org.testng.internal.TestMethodWorker.invokeTestMethods(TestMethodWorker.java:146)
at org.testng.internal.TestMethodWorker.run(TestMethodWorker.java:128)
at java.util.ArrayList.forEach(Unknown Source)
at org.testng.TestRunner.privateRun(TestRunner.java:767)
at org.testng.TestRunner.run(TestRunner.java:588)
at org.testng.SuiteRunner.runTest(SuiteRunner.java:384)
at org.testng.SuiteRunner.runSequentially(SuiteRunner.java:378)
at org.testng.SuiteRunner.privateRun(SuiteRunner.java:337)
at org.testng.SuiteRunner.run(SuiteRunner.java:286)
at org.testng.SuiteRunnerWorker.runSuite(SuiteRunnerWorker.java:53)
at org.testng.SuiteRunnerWorker.run(SuiteRunnerWorker.java:96)
at org.testng.TestNG.runSuitesSequentially(TestNG.java:1214)
at org.testng.TestNG.runSuitesLocally(TestNG.java:1136)
at org.testng.TestNG.runSuites(TestNG.java:1066)
at org.testng.TestNG.run(TestNG.java:1034)
at org.testng.remote.AbstractRemoteTestNG.run(AbstractRemoteTestNG.java:115)
at org.testng.remote.RemoteTestNG.initAndRun(RemoteTestNG.java:251)
at org.testng.remote.RemoteTestNG.main(RemoteTestNG.java:77)
]]>
            </full-stacktrace>
          </exception> <!-- org.openqa.selenium.NoSuchElementException -->
          <reporter-output>
            <line>
              <![CDATA[Clicking on the Element : SearchBox]]>
            </line>
            <line>
              <![CDATA[Entering the mobile Text to the EnterTextSerachBox]]>
            </line>
            <line>
              <![CDATA[Clicking on the Element : suggestionOptionText]]>
            </line>
            <line>
              <![CDATA[Clicking on the Element : filterBtn]]>
            </line>
            <line>
              <![CDATA[Clicking on the Element : brandBtn]]>
            </line>
            <line>
              <![CDATA[Keyboard is already displayed]]>
            </line>
            <line>
              <![CDATA[Hiding the Keyboard]]>
            </line>
            <line>
              <![CDATA[Clicking on the Element : doneBtn]]>
            </line>
            <line>
              <![CDATA[Clicking on the Element : applyBtn]]>
            </line>
            <line>
              <![CDATA[Clicking on the Element : sortBtn]]>
            </line>
            <line>
              <![CDATA[Clicking on the Element : lowToHighBtn]]>
            </line>
            <line>
              <![CDATA[Clicking on the Element : firstProduct]]>
            </line>
            <line>
              <![CDATA[Clicking on the Element : addtoCartBtn]]>
            </line>
          </reporter-output>
        </test-method> <!-- test -->
        <test-method status="PASS" signature="afterClass()[pri:0, instance:com.flipkart.testcases.TC2@1088d51]" name="afterClass" is-config="true" duration-ms="852" started-at="2020-07-02T20:00:07 IST" finished-at="2020-07-02T20:00:08 IST">
          <reporter-output>
          </reporter-output>
        </test-method> <!-- afterClass -->
      </class> <!-- com.flipkart.testcases.TC2 -->
    </test> <!-- Test -->
  </suite> <!-- Suite -->
</testng-results>
